<?xml version="1.0" encoding="UTF-8"?>
<testng-results ignored="0" total="1" passed="1" failed="0" skipped="0">
  <reporter-output>
  </reporter-output>
  <suite started-at="2023-03-27T16:20:38 IST" name="Default suite" finished-at="2023-03-27T16:21:00 IST" duration-ms="21523">
    <groups>
    </groups>
    <test started-at="2023-03-27T16:20:38 IST" name="Default test" finished-at="2023-03-27T16:21:00 IST" duration-ms="21523">
      <class name="com.practice.extentReporttest">
        <test-method is-config="true" signature="setExtent()[pri:0, instance:com.practice.extentReporttest@34123d65]" started-at="2023-03-27T16:20:38 IST" name="setExtent" finished-at="2023-03-27T16:20:38 IST" duration-ms="240" status="PASS">
          <reporter-output>
          </reporter-output>
        </test-method> <!-- setExtent -->
        <test-method is-config="true" signature="setUp()[pri:0, instance:com.practice.extentReporttest@34123d65]" started-at="2023-03-27T16:20:38 IST" name="setUp" finished-at="2023-03-27T16:20:55 IST" duration-ms="16571" status="PASS">
          <reporter-output>
          </reporter-output>
        </test-method> <!-- setUp -->
        <test-method signature="test1()[pri:0, instance:com.practice.extentReporttest@34123d65]" started-at="2023-03-27T16:20:55 IST" name="test1" finished-at="2023-03-27T16:20:59 IST" duration-ms="3868" status="PASS">
          <reporter-output>
          </reporter-output>
        </test-method> <!-- test1 -->
        <test-method is-config="true" signature="browserquit()[pri:0, instance:com.practice.extentReporttest@34123d65]" started-at="2023-03-27T16:20:59 IST" name="browserquit" finished-at="2023-03-27T16:20:59 IST" duration-ms="368" status="PASS">
          <reporter-output>
          </reporter-output>
        </test-method> <!-- browserquit -->
        <test-method is-config="true" signature="endReport()[pri:0, instance:com.practice.extentReporttest@34123d65]" started-at="2023-03-27T16:20:59 IST" name="endReport" finished-at="2023-03-27T16:21:00 IST" duration-ms="413" status="PASS">
          <reporter-output>
          </reporter-output>
        </test-method> <!-- endReport -->
      </class> <!-- com.practice.extentReporttest -->
    </test> <!-- Default test -->
  </suite> <!-- Default suite -->
</testng-results>
